<?xml version="1.0" encoding="UTF-8"?>
<!-- Generated by org.testng.reporters.JUnitXMLReporter -->
<testsuite ignored="0" hostname="DESKTOP-DKAMDAI" failures="1" tests="1" name="Command line test" time="0.029" errors="0" timestamp="2022-03-19T13:17:03 IST">
  <testcase classname="com.techlistic.tests.ParameterTest" name="testParameter" time="0.0">
    <failure type="org.testng.TestNGException" message="
Parameter &amp;apos;browser&amp;apos; is required by @Test on method testParameter but has not been marked @Optional or defined
">
      <![CDATA[org.testng.TestNGException: 
Parameter 'browser' is required by @Test on method testParameter but has not been marked @Optional or defined

at java.base/java.util.ArrayList.forEach(ArrayList.java:1541)
... Removed 35 stack frames]]>
    </failure>
  </testcase> <!-- testParameter -->
</testsuite> <!-- Command line test -->
