<?xml version="1.0" encoding="UTF-8"?>
<!-- Generated by org.testng.reporters.JUnitXMLReporter -->
<testsuite ignored="0" hostname="DESKTOP-DKAMDAI" failures="1" tests="9" name="Regression test" time="26.489" errors="0" timestamp="2022-03-19T14:24:46 IST">
  <testcase classname="com.techlistic.tests.PracticeForm" name="SeleniumCommands" time="0.252"/>
  <testcase classname="com.techlistic.tests.PracticeForm" name="UploadImage" time="0.064">
    <failure type="org.openqa.selenium.InvalidArgumentException" message="invalid argument
  (Session info: chrome=99.0.4844.74)
Build info: version: &amp;apos;4.1.2&amp;apos;, revision: &amp;apos;9a5a329c5a&amp;apos;
System info: host: &amp;apos;DESKTOP-DKAMDAI&amp;apos;, ip: &amp;apos;192.168.0.48&amp;apos;, os.name: &amp;apos;Windows 10&amp;apos;, os.arch: &amp;apos;amd64&amp;apos;, os.version: &amp;apos;10.0&amp;apos;, java.version: &amp;apos;11.0.9&amp;apos;
Driver info: org.openqa.selenium.chrome.ChromeDriver
Command: [9cc4d9c569bbd6f3c7f656bfad610c5c, clickElement {id=c76d0d6c-6973-4672-a24b-20796a7446b2}]
Capabilities {acceptInsecureCerts: false, browserName: chrome, browserVersion: 99.0.4844.74, chrome: {chromedriverVersion: 99.0.4844.51 (d537ec02474b5..., userDataDir: C:\Users\PCP\AppData\Local\...}, goog:chromeOptions: {debuggerAddress: localhost:53044}, javascriptEnabled: true, networkConnectionEnabled: false, pageLoadStrategy: normal, platform: WINDOWS, platformName: WINDOWS, proxy: Proxy(), se:cdp: ws://localhost:53044/devtoo..., se:cdpVersion: 99.0.4844.74, setWindowRect: true, strictFileInteractability: false, timeouts: {implicit: 0, pageLoad: 300000, script: 30000}, unhandledPromptBehavior: dismiss and notify, webauthn:extension:credBlob: true, webauthn:extension:largeBlob: true, webauthn:virtualAuthenticators: true}
Element: [[ChromeDriver: chrome on WINDOWS (9cc4d9c569bbd6f3c7f656bfad610c5c)] -&amp;gt; css selector: input[class=&amp;apos;input-file&amp;apos;]]
Session ID: 9cc4d9c569bbd6f3c7f656bfad610c5c">
      <![CDATA[org.openqa.selenium.InvalidArgumentException: invalid argument
  (Session info: chrome=99.0.4844.74)
Build info: version: '4.1.2', revision: '9a5a329c5a'
System info: host: 'DESKTOP-DKAMDAI', ip: '192.168.0.48', os.name: 'Windows 10', os.arch: 'amd64', os.version: '10.0', java.version: '11.0.9'
Driver info: org.openqa.selenium.chrome.ChromeDriver
Command: [9cc4d9c569bbd6f3c7f656bfad610c5c, clickElement {id=c76d0d6c-6973-4672-a24b-20796a7446b2}]
Capabilities {acceptInsecureCerts: false, browserName: chrome, browserVersion: 99.0.4844.74, chrome: {chromedriverVersion: 99.0.4844.51 (d537ec02474b5..., userDataDir: C:\Users\PCP\AppData\Local\...}, goog:chromeOptions: {debuggerAddress: localhost:53044}, javascriptEnabled: true, networkConnectionEnabled: false, pageLoadStrategy: normal, platform: WINDOWS, platformName: WINDOWS, proxy: Proxy(), se:cdp: ws://localhost:53044/devtoo..., se:cdpVersion: 99.0.4844.74, setWindowRect: true, strictFileInteractability: false, timeouts: {implicit: 0, pageLoad: 300000, script: 30000}, unhandledPromptBehavior: dismiss and notify, webauthn:extension:credBlob: true, webauthn:extension:largeBlob: true, webauthn:virtualAuthenticators: true}
Element: [[ChromeDriver: chrome on WINDOWS (9cc4d9c569bbd6f3c7f656bfad610c5c)] -> css selector: input[class='input-file']]
Session ID: 9cc4d9c569bbd6f3c7f656bfad610c5c
at org.openqa.selenium.remote.codec.w3c.W3CHttpResponseCodec.createException(W3CHttpResponseCodec.java:200)
at org.openqa.selenium.remote.codec.w3c.W3CHttpResponseCodec.decode(W3CHttpResponseCodec.java:133)
at org.openqa.selenium.remote.codec.w3c.W3CHttpResponseCodec.decode(W3CHttpResponseCodec.java:53)
at org.openqa.selenium.remote.HttpCommandExecutor.execute(HttpCommandExecutor.java:184)
at org.openqa.selenium.remote.service.DriverCommandExecutor.invokeExecute(DriverCommandExecutor.java:167)
at org.openqa.selenium.remote.service.DriverCommandExecutor.execute(DriverCommandExecutor.java:142)
at org.openqa.selenium.remote.RemoteWebDriver.execute(RemoteWebDriver.java:558)
at org.openqa.selenium.remote.RemoteWebElement.execute(RemoteWebElement.java:251)
at org.openqa.selenium.remote.RemoteWebElement.click(RemoteWebElement.java:77)
at com.techlistic.tests.PracticeForm.UploadImage(PracticeForm.java:88)
at java.base/java.util.ArrayList.forEach(ArrayList.java:1541)
... Removed 35 stack frames]]>
    </failure>
  </testcase> <!-- UploadImage -->
  <testcase classname="com.techlistic.tests.PracticeForm" name="selectContinents" time="0.085"/>
  <testcase classname="com.techlistic.tests.PracticeForm" name="enterName" time="0.919"/>
  <testcase classname="com.techlistic.tests.PracticeForm" name="selectGender" time="0.105"/>
  <testcase classname="com.techlistic.tests.PracticeForm" name="yearOfExperiece" time="0.192"/>
  <testcase classname="com.techlistic.tests.PracticeForm" name="selectProfession" time="0.127"/>
  <testcase classname="com.techlistic.tests.PracticeForm" name="selectAutomationTools" time="0.131"/>
  <testcase classname="com.techlistic.tests.PracticeForm" name="enterDate" time="0.128"/>
</testsuite> <!-- Regression test -->
